<?xml version="1.0" encoding="UTF-8"?>
<!-- Generated by org.testng.reporters.JUnitXMLReporter -->
<testsuite hostname="DESKTOP-EAC6D0I" ignored="0" name="TestCase1" tests="8" failures="1" timestamp="12 Jan 2021 19:44:15 GMT" time="4.932" errors="0">
  <testcase name="loginPageContentEncoding" time="0.012" classname="com.TestCases.TC_001_GET_loginPage"/>
  <testcase name="loginPageContentLength" time="0.003" classname="com.TestCases.TC_001_GET_loginPage"/>
  <testcase name="loginPageContentType" time="0.003" classname="com.TestCases.TC_001_GET_loginPage"/>
  <testcase name="loginPageResponseBody" time="0.027" classname="com.TestCases.TC_001_GET_loginPage"/>
  <testcase name="loginPageResponseTime" time="0.004" classname="com.TestCases.TC_001_GET_loginPage">
    <failure type="java.lang.AssertionError" message="expected [true] but found [false]">
      <![CDATA[java.lang.AssertionError: expected [true] but found [false]
at com.TestCases.TC_001_GET_loginPage.loginPageResponseTime(TC_001_GET_loginPage.java:57)
... Removed 29 stack frames]]>
    </failure>
  </testcase> <!-- loginPageResponseTime -->
  <testcase name="loginPageServerType" time="0.009" classname="com.TestCases.TC_001_GET_loginPage"/>
  <testcase name="loginPageStatusLine" time="0.005" classname="com.TestCases.TC_001_GET_loginPage"/>
  <testcase name="loginPageStatuscode" time="0.006" classname="com.TestCases.TC_001_GET_loginPage"/>
</testsuite> <!-- TestCase1 -->
