<?xml version="1.0" encoding="UTF-8"?>
<!-- Generated by org.testng.reporters.JUnitXMLReporter -->
<testsuite hostname="DESKTOP-EAC6D0I" ignored="1" name="TestCase2" tests="10" failures="0" timestamp="12 Jan 2021 19:51:18 GMT" time="8.215" errors="0">
  <testcase name="loginPageContentEncoding" time="0.009" classname="com.TestCases.TC_001_GET_loginPage"/>
  <testcase name="loginPageContentLength" time="0.002" classname="com.TestCases.TC_001_GET_loginPage"/>
  <testcase name="loginPageContentType" time="0.003" classname="com.TestCases.TC_001_GET_loginPage"/>
  <testcase name="loginPageResponseBody" time="0.029" classname="com.TestCases.TC_001_GET_loginPage"/>
  <testcase name="loginPageServerType" time="0.004" classname="com.TestCases.TC_001_GET_loginPage"/>
  <testcase name="loginPageStatusLine" time="0.01" classname="com.TestCases.TC_001_GET_loginPage"/>
  <testcase name="loginPageStatuscode" time="0.002" classname="com.TestCases.TC_001_GET_loginPage"/>
  <testcase name="ValidateLoginPage" time="3.175" classname="com.TestCases.TC_002_Post_ValidateHomePage"/>
  <testcase name="ValidateLoginPageStatuscode" time="0.005" classname="com.TestCases.TC_002_Post_ValidateHomePage"/>
  <testcase name="ValidateloginPageStatusLine" time="0.004" classname="com.TestCases.TC_002_Post_ValidateHomePage"/>
  <testcase name="loginPageResponseTime" time="0.0" classname="com.TestCases.TC_001_GET_loginPage">
    <ignored/>
  </testcase> <!-- loginPageResponseTime -->
</testsuite> <!-- TestCase2 -->
