<?xml version="1.0" encoding="UTF-8"?>
<!-- Generated by org.testng.reporters.JUnitXMLReporter -->
<testsuite hostname="DESKTOP-EAC6D0I" ignored="0" name="Transportal API tests" tests="3" failures="1" timestamp="13 Jan 2021 09:21:40 GMT" time="4.837" errors="0">
  <testcase name="ValidateLoginPageStatuscode" time="0.009" classname="com.TestCases.TC_002_Post_ValidateHomePage"/>
  <testcase name="ValidateLoginResponseBody" time="0.023" classname="com.TestCases.TC_002_Post_ValidateHomePage">
    <failure type="java.lang.ClassCastException" message="io.restassured.internal.RestAssuredResponseImpl cannot be cast to io.restassured.path.json.JsonPath">
      <![CDATA[java.lang.ClassCastException: io.restassured.internal.RestAssuredResponseImpl cannot be cast to io.restassured.path.json.JsonPath
at com.TestCases.TC_002_Post_ValidateHomePage.ValidateLoginResponseBody(TC_002_Post_ValidateHomePage.java:80)
... Removed 25 stack frames]]>
    </failure>
  </testcase> <!-- ValidateLoginResponseBody -->
  <testcase name="ValidateloginPageStatusLine" time="0.006" classname="com.TestCases.TC_002_Post_ValidateHomePage"/>
</testsuite> <!-- Transportal API tests -->
