<?xml version="1.0" encoding="UTF-8"?>
<!-- Generated by org.testng.reporters.JUnitXMLReporter -->
<testsuite hostname="DESKTOP-EAC6D0I" ignored="0" name="TransportalAPITests" tests="3" failures="0" timestamp="12 Jan 2021 19:41:23 GMT" time="6.158" errors="0">
  <testcase name="ValidateLoginPage" time="5.744" classname="com.TestCases.TC_002_Post_ValidateHomePage"/>
  <testcase name="ValidateLoginPageStatuscode" time="0.004" classname="com.TestCases.TC_002_Post_ValidateHomePage"/>
  <testcase name="ValidateloginPageStatusLine" time="0.01" classname="com.TestCases.TC_002_Post_ValidateHomePage"/>
</testsuite> <!-- TransportalAPITests -->
