<?xml version="1.0" encoding="UTF-8"?>
<!-- Generated by org.testng.reporters.JUnitXMLReporter -->
<testsuite hostname="DESKTOP-EAC6D0I" ignored="1" name="TransportalAPITests" tests="10" failures="0" timestamp="11 Jan 2021 19:21:41 GMT" time="24.399" errors="0">
  <testcase name="loginPageContentEncoding" time="0.011" classname="com.TestCases.TC_001_GET_loginPage"/>
  <testcase name="loginPageContentLength" time="0.002" classname="com.TestCases.TC_001_GET_loginPage"/>
  <testcase name="loginPageContentType" time="0.002" classname="com.TestCases.TC_001_GET_loginPage"/>
  <testcase name="loginPageResponseBody" time="0.028" classname="com.TestCases.TC_001_GET_loginPage"/>
  <testcase name="loginPageServerType" time="0.002" classname="com.TestCases.TC_001_GET_loginPage"/>
  <testcase name="loginPageStatusLine" time="0.001" classname="com.TestCases.TC_001_GET_loginPage"/>
  <testcase name="loginPageStatuscode" time="0.002" classname="com.TestCases.TC_001_GET_loginPage"/>
  <testcase name="ValidateLoginPage" time="17.328" classname="com.TestCases.TC_002_Post_ValidateHomePage"/>
  <testcase name="ValidateLoginPageStatuscode" time="0.006" classname="com.TestCases.TC_002_Post_ValidateHomePage"/>
  <testcase name="ValidateloginPageStatusLine" time="0.004" classname="com.TestCases.TC_002_Post_ValidateHomePage"/>
  <testcase name="loginPageResponseTime" time="0.0" classname="com.TestCases.TC_001_GET_loginPage">
    <ignored/>
  </testcase> <!-- loginPageResponseTime -->
</testsuite> <!-- TransportalAPITests -->
