<?xml version="1.0" encoding="UTF-8"?>
<testng-results skipped="0" failed="0" ignored="1" total="8" passed="7">
  <reporter-output>
  </reporter-output>
  <suite name="TransportalRestAPISuite" duration-ms="4978" started-at="2021-01-10T18:52:25Z" finished-at="2021-01-10T18:52:30Z">
    <groups>
    </groups>
    <test name="TransportalAPITests" duration-ms="4978" started-at="2021-01-10T18:52:25Z" finished-at="2021-01-10T18:52:30Z">
      <class name="com.TestCases.TC_001_GET_loginPage">
        <test-method status="PASS" signature="setup()[pri:0, instance:com.TestCases.TC_001_GET_loginPage@5a8e6209]" name="setup" is-config="true" duration-ms="45" started-at="2021-01-10T18:52:25Z" finished-at="2021-01-10T18:52:25Z">
          <reporter-output>
          </reporter-output>
        </test-method> <!-- setup -->
        <test-method status="PASS" signature="URLPage()[pri:0, instance:com.TestCases.TC_001_GET_loginPage@5a8e6209]" name="URLPage" is-config="true" duration-ms="4542" started-at="2021-01-10T18:52:25Z" finished-at="2021-01-10T18:52:30Z">
          <reporter-output>
          </reporter-output>
        </test-method> <!-- URLPage -->
        <test-method status="PASS" signature="loginPageContentEncoding()[pri:0, instance:com.TestCases.TC_001_GET_loginPage@5a8e6209]" name="loginPageContentEncoding" duration-ms="7" started-at="2021-01-10T18:52:30Z" finished-at="2021-01-10T18:52:30Z">
          <reporter-output>
          </reporter-output>
        </test-method> <!-- loginPageContentEncoding -->
        <test-method status="PASS" signature="loginPageContentLength()[pri:0, instance:com.TestCases.TC_001_GET_loginPage@5a8e6209]" name="loginPageContentLength" duration-ms="2" started-at="2021-01-10T18:52:30Z" finished-at="2021-01-10T18:52:30Z">
          <reporter-output>
          </reporter-output>
        </test-method> <!-- loginPageContentLength -->
        <test-method status="PASS" signature="loginPageContentType()[pri:0, instance:com.TestCases.TC_001_GET_loginPage@5a8e6209]" name="loginPageContentType" duration-ms="3" started-at="2021-01-10T18:52:30Z" finished-at="2021-01-10T18:52:30Z">
          <reporter-output>
          </reporter-output>
        </test-method> <!-- loginPageContentType -->
        <test-method status="PASS" signature="loginPageResponseBody()[pri:0, instance:com.TestCases.TC_001_GET_loginPage@5a8e6209]" name="loginPageResponseBody" duration-ms="22" started-at="2021-01-10T18:52:30Z" finished-at="2021-01-10T18:52:30Z">
          <reporter-output>
          </reporter-output>
        </test-method> <!-- loginPageResponseBody -->
        <test-method status="PASS" signature="loginPageServerType()[pri:0, instance:com.TestCases.TC_001_GET_loginPage@5a8e6209]" name="loginPageServerType" duration-ms="3" started-at="2021-01-10T18:52:30Z" finished-at="2021-01-10T18:52:30Z">
          <reporter-output>
          </reporter-output>
        </test-method> <!-- loginPageServerType -->
        <test-method status="PASS" signature="loginPageStatusLine()[pri:0, instance:com.TestCases.TC_001_GET_loginPage@5a8e6209]" name="loginPageStatusLine" duration-ms="5" started-at="2021-01-10T18:52:30Z" finished-at="2021-01-10T18:52:30Z">
          <reporter-output>
          </reporter-output>
        </test-method> <!-- loginPageStatusLine -->
        <test-method status="PASS" signature="loginPageStatuscode()[pri:0, instance:com.TestCases.TC_001_GET_loginPage@5a8e6209]" name="loginPageStatuscode" duration-ms="2" started-at="2021-01-10T18:52:30Z" finished-at="2021-01-10T18:52:30Z">
          <reporter-output>
          </reporter-output>
        </test-method> <!-- loginPageStatuscode -->
        <test-method status="PASS" signature="tearDown()[pri:0, instance:com.TestCases.TC_001_GET_loginPage@5a8e6209]" name="tearDown" is-config="true" duration-ms="2" started-at="2021-01-10T18:52:30Z" finished-at="2021-01-10T18:52:30Z">
          <reporter-output>
          </reporter-output>
        </test-method> <!-- tearDown -->
      </class> <!-- com.TestCases.TC_001_GET_loginPage -->
      <class name="emailReport.EmailReport">
        <test-method status="PASS" signature="EmailReport()[pri:0, instance:emailReport.EmailReport@369f73a2]" name="EmailReport" is-config="true" duration-ms="4264" started-at="2021-01-10T18:52:30Z" finished-at="2021-01-10T18:52:35Z">
          <reporter-output>
          </reporter-output>
        </test-method> <!-- EmailReport -->
      </class> <!-- emailReport.EmailReport -->
    </test> <!-- TransportalAPITests -->
  </suite> <!-- TransportalRestAPISuite -->
</testng-results>
