<?xml version="1.0" encoding="UTF-8"?>
<testng-results skipped="0" failed="0" ignored="0" total="3" passed="3">
  <reporter-output>
  </reporter-output>
  <suite name="TransportalRestAPISuite" duration-ms="6642" started-at="2021-01-11T17:07:58Z" finished-at="2021-01-11T17:08:05Z">
    <groups>
    </groups>
    <test name="TransportalAPITests" duration-ms="6642" started-at="2021-01-11T17:07:58Z" finished-at="2021-01-11T17:08:05Z">
      <class name="com.TestCases.TC_002_Post_ValidateHomePage">
        <test-method status="PASS" signature="setup()[pri:0, instance:com.TestCases.TC_002_Post_ValidateHomePage@2b2948e2]" name="setup" is-config="true" duration-ms="70" started-at="2021-01-11T17:07:59Z" finished-at="2021-01-11T17:07:59Z">
          <reporter-output>
          </reporter-output>
        </test-method> <!-- setup -->
        <test-method status="PASS" signature="ValidateLoginPage()[pri:0, instance:com.TestCases.TC_002_Post_ValidateHomePage@2b2948e2]" name="ValidateLoginPage" duration-ms="6065" started-at="2021-01-11T17:07:59Z" finished-at="2021-01-11T17:08:05Z">
          <reporter-output>
          </reporter-output>
        </test-method> <!-- ValidateLoginPage -->
        <test-method status="PASS" signature="ValidateLoginPageStatuscode()[pri:0, instance:com.TestCases.TC_002_Post_ValidateHomePage@2b2948e2]" name="ValidateLoginPageStatuscode" duration-ms="13" started-at="2021-01-11T17:08:05Z" finished-at="2021-01-11T17:08:05Z">
          <reporter-output>
          </reporter-output>
        </test-method> <!-- ValidateLoginPageStatuscode -->
        <test-method status="PASS" signature="ValidateloginPageStatusLine()[pri:0, instance:com.TestCases.TC_002_Post_ValidateHomePage@2b2948e2]" name="ValidateloginPageStatusLine" duration-ms="11" started-at="2021-01-11T17:08:05Z" finished-at="2021-01-11T17:08:05Z">
          <reporter-output>
          </reporter-output>
        </test-method> <!-- ValidateloginPageStatusLine -->
      </class> <!-- com.TestCases.TC_002_Post_ValidateHomePage -->
      <class name="emailReport.EmailReport">
        <test-method status="PASS" signature="EmailReport()[pri:0, instance:emailReport.EmailReport@3b0143d3]" name="EmailReport" is-config="true" duration-ms="4760" started-at="2021-01-11T17:08:06Z" finished-at="2021-01-11T17:08:11Z">
          <reporter-output>
          </reporter-output>
        </test-method> <!-- EmailReport -->
      </class> <!-- emailReport.EmailReport -->
    </test> <!-- TransportalAPITests -->
  </suite> <!-- TransportalRestAPISuite -->
</testng-results>
