<?xml version="1.0" encoding="UTF-8"?>
<!-- Generated by org.testng.reporters.JUnitXMLReporter -->
<testsuite hostname="DESKTOP-EAC6D0I" ignored="1" name="Default test" tests="7" failures="0" timestamp="10 Jan 2021 11:21:44 GMT" time="4.953" errors="0">
  <testcase name="checkContentEncoding" time="0.011" classname="com.TestCases.TC_001_GET_loginPage"/>
  <testcase name="checkContentLength" time="0.003" classname="com.TestCases.TC_001_GET_loginPage"/>
  <testcase name="checkContentType" time="0.002" classname="com.TestCases.TC_001_GET_loginPage"/>
  <testcase name="checkResponseBody" time="0.03" classname="com.TestCases.TC_001_GET_loginPage"/>
  <testcase name="checkServerType" time="0.003" classname="com.TestCases.TC_001_GET_loginPage"/>
  <testcase name="checkStatusLine" time="0.006" classname="com.TestCases.TC_001_GET_loginPage"/>
  <testcase name="checkStatuscode" time="0.004" classname="com.TestCases.TC_001_GET_loginPage"/>
  <testcase name="checkResponseTime" time="0.0" classname="com.TestCases.TC_001_GET_loginPage">
    <ignored/>
  </testcase> <!-- checkResponseTime -->
</testsuite> <!-- Default test -->
