<?xml version="1.0" encoding="UTF-8"?>
<testng-results skipped="0" failed="1" ignored="0" total="3" passed="2">
  <reporter-output>
  </reporter-output>
  <suite name="TransportalRestAPISuite" duration-ms="4837" started-at="2021-01-13T09:21:35Z" finished-at="2021-01-13T09:21:40Z">
    <groups>
    </groups>
    <test name="Transportal API tests" duration-ms="4837" started-at="2021-01-13T09:21:35Z" finished-at="2021-01-13T09:21:40Z">
      <class name="com.TestCases.TC_002_Post_ValidateHomePage">
        <test-method status="PASS" signature="loadProperties()[pri:0, instance:com.TestCases.TC_002_Post_ValidateHomePage@370736d9]" name="loadProperties" is-config="true" duration-ms="11" started-at="2021-01-13T09:21:36Z" finished-at="2021-01-13T09:21:36Z">
          <reporter-output>
          </reporter-output>
        </test-method> <!-- loadProperties -->
        <test-method status="PASS" signature="setup()[pri:0, instance:com.TestCases.TC_002_Post_ValidateHomePage@370736d9]" name="setup" is-config="true" duration-ms="32" started-at="2021-01-13T09:21:36Z" finished-at="2021-01-13T09:21:36Z">
          <reporter-output>
          </reporter-output>
        </test-method> <!-- setup -->
        <test-method status="PASS" signature="ValidateLoginPage(java.lang.String, java.lang.String, java.lang.String, java.lang.String)[pri:0, instance:com.TestCases.TC_002_Post_ValidateHomePage@370736d9]" name="ValidateLoginPage" is-config="true" duration-ms="4326" started-at="2021-01-13T09:21:36Z" finished-at="2021-01-13T09:21:40Z">
          <params>
            <param index="0">
              <value>
                <![CDATA[apple.admin]]>
              </value>
            </param>
            <param index="1">
              <value>
                <![CDATA[admin@123]]>
              </value>
            </param>
            <param index="2">
              <value>
                <![CDATA[https://transportalapi-ent.azurewebsites.net]]>
              </value>
            </param>
            <param index="3">
              <value>
                <![CDATA[/api/Login/ValidateUser]]>
              </value>
            </param>
          </params>
          <reporter-output>
          </reporter-output>
        </test-method> <!-- ValidateLoginPage -->
        <test-method status="PASS" signature="ValidateLoginPageStatuscode()[pri:0, instance:com.TestCases.TC_002_Post_ValidateHomePage@370736d9]" name="ValidateLoginPageStatuscode" duration-ms="9" started-at="2021-01-13T09:21:40Z" finished-at="2021-01-13T09:21:40Z">
          <reporter-output>
          </reporter-output>
        </test-method> <!-- ValidateLoginPageStatuscode -->
        <test-method status="FAIL" signature="ValidateLoginResponseBody()[pri:0, instance:com.TestCases.TC_002_Post_ValidateHomePage@370736d9]" name="ValidateLoginResponseBody" duration-ms="23" started-at="2021-01-13T09:21:40Z" finished-at="2021-01-13T09:21:40Z">
          <exception class="java.lang.ClassCastException">
            <message>
              <![CDATA[io.restassured.internal.RestAssuredResponseImpl cannot be cast to io.restassured.path.json.JsonPath]]>
            </message>
            <full-stacktrace>
              <![CDATA[java.lang.ClassCastException: io.restassured.internal.RestAssuredResponseImpl cannot be cast to io.restassured.path.json.JsonPath
at com.TestCases.TC_002_Post_ValidateHomePage.ValidateLoginResponseBody(TC_002_Post_ValidateHomePage.java:80)
at sun.reflect.NativeMethodAccessorImpl.invoke0(Native Method)
at sun.reflect.NativeMethodAccessorImpl.invoke(NativeMethodAccessorImpl.java:62)
at sun.reflect.DelegatingMethodAccessorImpl.invoke(DelegatingMethodAccessorImpl.java:43)
at java.lang.reflect.Method.invoke(Method.java:498)
at org.testng.internal.MethodInvocationHelper.invokeMethod(MethodInvocationHelper.java:124)
at org.testng.internal.Invoker.invokeMethod(Invoker.java:583)
at org.testng.internal.Invoker.invokeTestMethod(Invoker.java:719)
at org.testng.internal.Invoker.invokeTestMethods(Invoker.java:989)
at org.testng.internal.TestMethodWorker.invokeTestMethods(TestMethodWorker.java:125)
at org.testng.internal.TestMethodWorker.run(TestMethodWorker.java:109)
at org.testng.TestRunner.privateRun(TestRunner.java:648)
at org.testng.TestRunner.run(TestRunner.java:505)
at org.testng.SuiteRunner.runTest(SuiteRunner.java:455)
at org.testng.SuiteRunner.runSequentially(SuiteRunner.java:450)
at org.testng.SuiteRunner.privateRun(SuiteRunner.java:415)
at org.testng.SuiteRunner.run(SuiteRunner.java:364)
at org.testng.SuiteRunnerWorker.runSuite(SuiteRunnerWorker.java:52)
at org.testng.SuiteRunnerWorker.run(SuiteRunnerWorker.java:84)
at org.testng.TestNG.runSuitesSequentially(TestNG.java:1208)
at org.testng.TestNG.runSuitesLocally(TestNG.java:1137)
at org.testng.TestNG.runSuites(TestNG.java:1049)
at org.testng.TestNG.run(TestNG.java:1017)
at org.testng.remote.AbstractRemoteTestNG.run(AbstractRemoteTestNG.java:115)
at org.testng.remote.RemoteTestNG.initAndRun(RemoteTestNG.java:251)
at org.testng.remote.RemoteTestNG.main(RemoteTestNG.java:77)
]]>
            </full-stacktrace>
          </exception> <!-- java.lang.ClassCastException -->
          <reporter-output>
          </reporter-output>
        </test-method> <!-- ValidateLoginResponseBody -->
        <test-method status="PASS" signature="ValidateloginPageStatusLine()[pri:0, instance:com.TestCases.TC_002_Post_ValidateHomePage@370736d9]" name="ValidateloginPageStatusLine" duration-ms="6" started-at="2021-01-13T09:21:40Z" finished-at="2021-01-13T09:21:40Z">
          <reporter-output>
          </reporter-output>
        </test-method> <!-- ValidateloginPageStatusLine -->
        <test-method status="PASS" signature="tearDown()[pri:0, instance:com.TestCases.TC_002_Post_ValidateHomePage@370736d9]" name="tearDown" is-config="true" duration-ms="2" started-at="2021-01-13T09:21:40Z" finished-at="2021-01-13T09:21:40Z">
          <reporter-output>
          </reporter-output>
        </test-method> <!-- tearDown -->
      </class> <!-- com.TestCases.TC_002_Post_ValidateHomePage -->
    </test> <!-- Transportal API tests -->
  </suite> <!-- TransportalRestAPISuite -->
</testng-results>
